[2021-04-12 21:16:27,186] SEVERE {b7a.log.crash} - java.lang.IllegalStateException: Expected BEGIN_OBJECT but was STRING at line 1 column 1 path $ 
com.google.gson.JsonSyntaxException: java.lang.IllegalStateException: Expected BEGIN_OBJECT but was STRING at line 1 column 1 path $
	at com.google.gson.internal.bind.ReflectiveTypeAdapterFactory$Adapter.read(ReflectiveTypeAdapterFactory.java:224)
	at com.google.gson.Gson.fromJson(Gson.java:887)
	at com.google.gson.Gson.fromJson(Gson.java:825)
	at org.ballerinalang.central.client.CentralAPIClient.getPackageVersions(CentralAPIClient.java:193)
	at io.ballerina.projects.internal.repositories.RemotePackageRepository.getPackageVersions(RemotePackageRepository.java:128)
	at io.ballerina.projects.internal.environment.DefaultPackageResolver.resolveFromRepository(DefaultPackageResolver.java:172)
	at io.ballerina.projects.internal.environment.DefaultPackageResolver.resolvePackages(DefaultPackageResolver.java:91)
	at io.ballerina.projects.PackageResolution$ModuleResolver.resolvePackage(PackageResolution.java:458)
	at io.ballerina.projects.PackageResolution$ModuleResolver.resolve(PackageResolution.java:428)
	at io.ballerina.projects.PackageResolution.createDependencyGraphFromSources(PackageResolution.java:247)
	at io.ballerina.projects.PackageResolution.buildDependencyGraph(PackageResolution.java:146)
	at io.ballerina.projects.PackageResolution.<init>(PackageResolution.java:70)
	at io.ballerina.projects.PackageResolution.from(PackageResolution.java:77)
	at io.ballerina.projects.PackageContext.getResolution(PackageContext.java:213)
	at io.ballerina.projects.PackageCompilation.<init>(PackageCompilation.java:68)
	at io.ballerina.projects.PackageCompilation.from(PackageCompilation.java:94)
	at io.ballerina.projects.PackageContext.getPackageCompilation(PackageContext.java:206)
	at io.ballerina.projects.Package.getCompilation(Package.java:130)
	at io.ballerina.cli.task.CompileTask.execute(CompileTask.java:68)
	at io.ballerina.cli.TaskExecutor.executeTasks(TaskExecutor.java:40)
	at io.ballerina.cli.cmd.RunCommand.execute(RunCommand.java:166)
	at java.base/java.util.Optional.ifPresent(Optional.java:183)
	at io.ballerina.cli.launcher.Main.main(Main.java:58)
Caused by: java.lang.IllegalStateException: Expected BEGIN_OBJECT but was STRING at line 1 column 1 path $
	at com.google.gson.stream.JsonReader.beginObject(JsonReader.java:385)
	at com.google.gson.internal.bind.ReflectiveTypeAdapterFactory$Adapter.read(ReflectiveTypeAdapterFactory.java:213)
	... 22 more
 
[2021-04-12 21:29:53,254] SEVERE {b7a.log.crash} - java.lang.IllegalStateException: Expected BEGIN_OBJECT but was STRING at line 1 column 1 path $ 
com.google.gson.JsonSyntaxException: java.lang.IllegalStateException: Expected BEGIN_OBJECT but was STRING at line 1 column 1 path $
	at com.google.gson.internal.bind.ReflectiveTypeAdapterFactory$Adapter.read(ReflectiveTypeAdapterFactory.java:224)
	at com.google.gson.Gson.fromJson(Gson.java:887)
	at com.google.gson.Gson.fromJson(Gson.java:825)
	at org.ballerinalang.central.client.CentralAPIClient.getPackageVersions(CentralAPIClient.java:193)
	at io.ballerina.projects.internal.repositories.RemotePackageRepository.getPackageVersions(RemotePackageRepository.java:128)
	at io.ballerina.projects.internal.environment.DefaultPackageResolver.resolveFromRepository(DefaultPackageResolver.java:172)
	at io.ballerina.projects.internal.environment.DefaultPackageResolver.resolvePackages(DefaultPackageResolver.java:91)
	at io.ballerina.projects.PackageResolution$ModuleResolver.resolvePackage(PackageResolution.java:458)
	at io.ballerina.projects.PackageResolution$ModuleResolver.resolve(PackageResolution.java:428)
	at io.ballerina.projects.PackageResolution.createDependencyGraphFromSources(PackageResolution.java:247)
	at io.ballerina.projects.PackageResolution.buildDependencyGraph(PackageResolution.java:146)
	at io.ballerina.projects.PackageResolution.<init>(PackageResolution.java:70)
	at io.ballerina.projects.PackageResolution.from(PackageResolution.java:77)
	at io.ballerina.projects.PackageContext.getResolution(PackageContext.java:213)
	at io.ballerina.projects.PackageCompilation.<init>(PackageCompilation.java:68)
	at io.ballerina.projects.PackageCompilation.from(PackageCompilation.java:94)
	at io.ballerina.projects.PackageContext.getPackageCompilation(PackageContext.java:206)
	at io.ballerina.projects.Package.getCompilation(Package.java:130)
	at io.ballerina.cli.task.CompileTask.execute(CompileTask.java:68)
	at io.ballerina.cli.TaskExecutor.executeTasks(TaskExecutor.java:40)
	at io.ballerina.cli.cmd.RunCommand.execute(RunCommand.java:166)
	at java.base/java.util.Optional.ifPresent(Optional.java:183)
	at io.ballerina.cli.launcher.Main.main(Main.java:58)
Caused by: java.lang.IllegalStateException: Expected BEGIN_OBJECT but was STRING at line 1 column 1 path $
	at com.google.gson.stream.JsonReader.beginObject(JsonReader.java:385)
	at com.google.gson.internal.bind.ReflectiveTypeAdapterFactory$Adapter.read(ReflectiveTypeAdapterFactory.java:213)
	... 22 more
 
[2021-04-12 21:30:04,115] SEVERE {b7a.log.crash} - java.lang.IllegalStateException: Expected BEGIN_OBJECT but was STRING at line 1 column 1 path $ 
com.google.gson.JsonSyntaxException: java.lang.IllegalStateException: Expected BEGIN_OBJECT but was STRING at line 1 column 1 path $
	at com.google.gson.internal.bind.ReflectiveTypeAdapterFactory$Adapter.read(ReflectiveTypeAdapterFactory.java:224)
	at com.google.gson.Gson.fromJson(Gson.java:887)
	at com.google.gson.Gson.fromJson(Gson.java:825)
	at org.ballerinalang.central.client.CentralAPIClient.getPackageVersions(CentralAPIClient.java:193)
	at io.ballerina.projects.internal.repositories.RemotePackageRepository.getPackageVersions(RemotePackageRepository.java:128)
	at io.ballerina.projects.internal.environment.DefaultPackageResolver.resolveFromRepository(DefaultPackageResolver.java:172)
	at io.ballerina.projects.internal.environment.DefaultPackageResolver.resolvePackages(DefaultPackageResolver.java:91)
	at io.ballerina.projects.PackageResolution$ModuleResolver.resolvePackage(PackageResolution.java:458)
	at io.ballerina.projects.PackageResolution$ModuleResolver.resolve(PackageResolution.java:428)
	at io.ballerina.projects.PackageResolution.createDependencyGraphFromSources(PackageResolution.java:247)
	at io.ballerina.projects.PackageResolution.buildDependencyGraph(PackageResolution.java:146)
	at io.ballerina.projects.PackageResolution.<init>(PackageResolution.java:70)
	at io.ballerina.projects.PackageResolution.from(PackageResolution.java:77)
	at io.ballerina.projects.PackageContext.getResolution(PackageContext.java:213)
	at io.ballerina.projects.PackageCompilation.<init>(PackageCompilation.java:68)
	at io.ballerina.projects.PackageCompilation.from(PackageCompilation.java:94)
	at io.ballerina.projects.PackageContext.getPackageCompilation(PackageContext.java:206)
	at io.ballerina.projects.Package.getCompilation(Package.java:130)
	at io.ballerina.cli.task.CompileTask.execute(CompileTask.java:68)
	at io.ballerina.cli.TaskExecutor.executeTasks(TaskExecutor.java:40)
	at io.ballerina.cli.cmd.RunCommand.execute(RunCommand.java:166)
	at java.base/java.util.Optional.ifPresent(Optional.java:183)
	at io.ballerina.cli.launcher.Main.main(Main.java:58)
Caused by: java.lang.IllegalStateException: Expected BEGIN_OBJECT but was STRING at line 1 column 1 path $
	at com.google.gson.stream.JsonReader.beginObject(JsonReader.java:385)
	at com.google.gson.internal.bind.ReflectiveTypeAdapterFactory$Adapter.read(ReflectiveTypeAdapterFactory.java:213)
	... 22 more
 
[2021-04-12 21:30:18,174] SEVERE {b7a.log.crash} - java.lang.IllegalStateException: Expected BEGIN_OBJECT but was STRING at line 1 column 1 path $ 
com.google.gson.JsonSyntaxException: java.lang.IllegalStateException: Expected BEGIN_OBJECT but was STRING at line 1 column 1 path $
	at com.google.gson.internal.bind.ReflectiveTypeAdapterFactory$Adapter.read(ReflectiveTypeAdapterFactory.java:224)
	at com.google.gson.Gson.fromJson(Gson.java:887)
	at com.google.gson.Gson.fromJson(Gson.java:825)
	at org.ballerinalang.central.client.CentralAPIClient.getPackageVersions(CentralAPIClient.java:193)
	at io.ballerina.projects.internal.repositories.RemotePackageRepository.getPackageVersions(RemotePackageRepository.java:128)
	at io.ballerina.projects.internal.environment.DefaultPackageResolver.resolveFromRepository(DefaultPackageResolver.java:172)
	at io.ballerina.projects.internal.environment.DefaultPackageResolver.resolvePackages(DefaultPackageResolver.java:91)
	at io.ballerina.projects.PackageResolution$ModuleResolver.resolvePackage(PackageResolution.java:458)
	at io.ballerina.projects.PackageResolution$ModuleResolver.resolve(PackageResolution.java:428)
	at io.ballerina.projects.PackageResolution.createDependencyGraphFromSources(PackageResolution.java:247)
	at io.ballerina.projects.PackageResolution.buildDependencyGraph(PackageResolution.java:146)
	at io.ballerina.projects.PackageResolution.<init>(PackageResolution.java:70)
	at io.ballerina.projects.PackageResolution.from(PackageResolution.java:77)
	at io.ballerina.projects.PackageContext.getResolution(PackageContext.java:213)
	at io.ballerina.projects.PackageCompilation.<init>(PackageCompilation.java:68)
	at io.ballerina.projects.PackageCompilation.from(PackageCompilation.java:94)
	at io.ballerina.projects.PackageContext.getPackageCompilation(PackageContext.java:206)
	at io.ballerina.projects.Package.getCompilation(Package.java:130)
	at io.ballerina.cli.task.CompileTask.execute(CompileTask.java:68)
	at io.ballerina.cli.TaskExecutor.executeTasks(TaskExecutor.java:40)
	at io.ballerina.cli.cmd.RunCommand.execute(RunCommand.java:166)
	at java.base/java.util.Optional.ifPresent(Optional.java:183)
	at io.ballerina.cli.launcher.Main.main(Main.java:58)
Caused by: java.lang.IllegalStateException: Expected BEGIN_OBJECT but was STRING at line 1 column 1 path $
	at com.google.gson.stream.JsonReader.beginObject(JsonReader.java:385)
	at com.google.gson.internal.bind.ReflectiveTypeAdapterFactory$Adapter.read(ReflectiveTypeAdapterFactory.java:213)
	... 22 more
 
